  dyn_mat.cpp
  dyn_vec.cpp
  fft.cpp
c:\users\turbotage\documents\github\ngmath\ngmath\src\fft.cpp(5): warning C4267: 'initializing': conversion from 'size_t' to 'unsigned int', possible loss of data
c:\users\turbotage\documents\github\ngmath\ngmath\src\fft.cpp(51): warning C4267: 'initializing': conversion from 'size_t' to 'unsigned int', possible loss of data
c:\users\turbotage\documents\github\ngmath\ngmath\src\fft.cpp(99): warning C4244: 'argument': conversion from 'size_t' to 'const std::complex<double>::_Ty', possible loss of data
c:\users\turbotage\documents\github\ngmath\ngmath\src\fft.cpp(108): warning C4244: 'argument': conversion from 'size_t' to 'const std::complex<double>::_Ty', possible loss of data
c:\users\turbotage\documents\github\ngmath\ngmath\src\fft.cpp(138): warning C4267: 'return': conversion from 'size_t' to 'int', possible loss of data
  main_math.cpp
c:\users\turbotage\documents\github\ngmath\ngmath\main_math.cpp(81): error C2065: 'z': undeclared identifier
c:\users\turbotage\documents\github\ngmath\ngmath\main_math.cpp(82): error C2146: syntax error: missing ';' before identifier 'test_main'
  mat4f.cpp
c:\users\turbotage\documents\github\ngmath\ngmath\src\mat4f.cpp(243): warning C4244: 'initializing': conversion from 'double' to 'float', possible loss of data
  plane.cpp
  quaternion.cpp
c:\users\turbotage\documents\github\ngmath\ngmath\src\quaternion.cpp(94): warning C4244: 'initializing': conversion from 'double' to 'float', possible loss of data
c:\users\turbotage\documents\github\ngmath\ngmath\src\quaternion.cpp(96): warning C4244: 'argument': conversion from 'double' to 'float', possible loss of data
c:\users\turbotage\documents\github\ngmath\ngmath\src\quaternion.cpp(107): warning C4244: 'initializing': conversion from 'double' to 'float', possible loss of data
c:\users\turbotage\documents\github\ngmath\ngmath\src\quaternion.cpp(109): warning C4244: 'argument': conversion from 'double' to 'float', possible loss of data
c:\users\turbotage\documents\github\ngmath\ngmath\src\quaternion.cpp(296): warning C4556: value of intrinsic immediate argument '65535' is out of range '0 - 255'
c:\users\turbotage\documents\github\ngmath\ngmath\src\quaternion.cpp(303): warning C4556: value of intrinsic immediate argument '65535' is out of range '0 - 255'
c:\users\turbotage\documents\github\ngmath\ngmath\src\quaternion.cpp(320): warning C4556: value of intrinsic immediate argument '65535' is out of range '0 - 255'
c:\users\turbotage\documents\github\ngmath\ngmath\src\quaternion.cpp(329): warning C4556: value of intrinsic immediate argument '65535' is out of range '0 - 255'
  vec2f.cpp
  vec3f.cpp
  vec3i.cpp
  vec3s.cpp
  vec4f.cpp
  Generating Code...
